0 info it worked if it ends with ok
1 verbose cli [ '/usr/local/bin/node', '/usr/local/bin/npm', 'publish' ]
2 info using npm@1.2.18
3 info using node@v0.10.4
4 verbose publish [ '.' ]
5 verbose read json /home/jose/etherpad-lite/node_modules/ep_stats/package.json
6 verbose cache add [ '.', null ]
7 verbose cache add name=undefined spec="." args=[".",null]
8 verbose parsed url { protocol: null,
8 verbose parsed url   slashes: null,
8 verbose parsed url   auth: null,
8 verbose parsed url   host: null,
8 verbose parsed url   port: null,
8 verbose parsed url   hostname: null,
8 verbose parsed url   hash: null,
8 verbose parsed url   search: null,
8 verbose parsed url   query: null,
8 verbose parsed url   pathname: '.',
8 verbose parsed url   path: '.',
8 verbose parsed url   href: '.' }
9 silly lockFile 3a52ce78- .
10 verbose lock . /home/jose/.npm/3a52ce78-.lock
11 verbose read json package.json
12 verbose tar pack [ '/home/jose/tmp/npm-8707/1385407644225-0.5705486731603742/tmp.tgz',
12 verbose tar pack   '.' ]
13 verbose tarball /home/jose/tmp/npm-8707/1385407644225-0.5705486731603742/tmp.tgz
14 verbose folder .
15 info prepublish ep_stats@0.0.2
16 silly lockFile 3a52ce78- .
17 verbose lock . /home/jose/.npm/3a52ce78-.lock
18 silly lockFile 25d85ceb-44225-0-5705486731603742-tmp-tgz /home/jose/tmp/npm-8707/1385407644225-0.5705486731603742/tmp.tgz
19 verbose lock /home/jose/tmp/npm-8707/1385407644225-0.5705486731603742/tmp.tgz /home/jose/.npm/25d85ceb-44225-0-5705486731603742-tmp-tgz.lock
20 silly lockFile 3a52ce78- .
21 silly lockFile 3a52ce78- .
22 silly lockFile 25d85ceb-44225-0-5705486731603742-tmp-tgz /home/jose/tmp/npm-8707/1385407644225-0.5705486731603742/tmp.tgz
23 silly lockFile 25d85ceb-44225-0-5705486731603742-tmp-tgz /home/jose/tmp/npm-8707/1385407644225-0.5705486731603742/tmp.tgz
24 verbose tar unpack /home/jose/tmp/npm-8707/1385407644225-0.5705486731603742/tmp.tgz
25 silly lockFile 2fc55f34-44225-0-5705486731603742-package /home/jose/tmp/npm-8707/1385407644225-0.5705486731603742/package
26 verbose lock /home/jose/tmp/npm-8707/1385407644225-0.5705486731603742/package /home/jose/.npm/2fc55f34-44225-0-5705486731603742-package.lock
27 silly lockFile 25d85ceb-44225-0-5705486731603742-tmp-tgz /home/jose/tmp/npm-8707/1385407644225-0.5705486731603742/tmp.tgz
28 verbose lock /home/jose/tmp/npm-8707/1385407644225-0.5705486731603742/tmp.tgz /home/jose/.npm/25d85ceb-44225-0-5705486731603742-tmp-tgz.lock
29 silly gunzTarPerm modes [ '755', '644' ]
30 silly gunzTarPerm extractEntry package.json
31 silly gunzTarPerm extractEntry .npmignore
32 silly gunzTarPerm extractEntry README.md
33 silly gunzTarPerm extractEntry LICENSE
34 silly gunzTarPerm extractEntry stats.js
35 silly gunzTarPerm extractEntry index.js
36 silly gunzTarPerm extractEntry express.js
37 silly gunzTarPerm extractEntry .travis.yml
38 silly gunzTarPerm extractEntry static/css/stats.css
39 silly gunzTarPerm extractEntry static/js/main.js
40 silly gunzTarPerm extractEntry static/js/stats.js
41 silly gunzTarPerm extractEntry ep.json
42 silly gunzTarPerm extractEntry templates/exportcolumn.html
43 silly gunzTarPerm extractEntry templates/scripts.html
44 silly gunzTarPerm extractEntry templates/stats.html
45 silly gunzTarPerm extractEntry templates/stats_entry.ejs
46 verbose read json /home/jose/tmp/npm-8707/1385407644225-0.5705486731603742/package/package.json
47 silly lockFile 2fc55f34-44225-0-5705486731603742-package /home/jose/tmp/npm-8707/1385407644225-0.5705486731603742/package
48 silly lockFile 2fc55f34-44225-0-5705486731603742-package /home/jose/tmp/npm-8707/1385407644225-0.5705486731603742/package
49 silly lockFile 25d85ceb-44225-0-5705486731603742-tmp-tgz /home/jose/tmp/npm-8707/1385407644225-0.5705486731603742/tmp.tgz
50 silly lockFile 25d85ceb-44225-0-5705486731603742-tmp-tgz /home/jose/tmp/npm-8707/1385407644225-0.5705486731603742/tmp.tgz
51 verbose from cache /home/jose/tmp/npm-8707/1385407644225-0.5705486731603742/package/package.json
52 verbose tar pack [ '/home/jose/.npm/ep_stats/0.0.2/package.tgz',
52 verbose tar pack   '/home/jose/tmp/npm-8707/1385407644225-0.5705486731603742/package' ]
53 verbose tarball /home/jose/.npm/ep_stats/0.0.2/package.tgz
54 verbose folder /home/jose/tmp/npm-8707/1385407644225-0.5705486731603742/package
55 silly lockFile 2fc55f34-44225-0-5705486731603742-package /home/jose/tmp/npm-8707/1385407644225-0.5705486731603742/package
56 verbose lock /home/jose/tmp/npm-8707/1385407644225-0.5705486731603742/package /home/jose/.npm/2fc55f34-44225-0-5705486731603742-package.lock
57 silly lockFile 86c865b3-e-npm-ep-stats-0-0-2-package-tgz /home/jose/.npm/ep_stats/0.0.2/package.tgz
58 verbose lock /home/jose/.npm/ep_stats/0.0.2/package.tgz /home/jose/.npm/86c865b3-e-npm-ep-stats-0-0-2-package-tgz.lock
59 silly lockFile 2fc55f34-44225-0-5705486731603742-package /home/jose/tmp/npm-8707/1385407644225-0.5705486731603742/package
60 silly lockFile 2fc55f34-44225-0-5705486731603742-package /home/jose/tmp/npm-8707/1385407644225-0.5705486731603742/package
61 silly lockFile 86c865b3-e-npm-ep-stats-0-0-2-package-tgz /home/jose/.npm/ep_stats/0.0.2/package.tgz
62 silly lockFile 86c865b3-e-npm-ep-stats-0-0-2-package-tgz /home/jose/.npm/ep_stats/0.0.2/package.tgz
63 silly lockFile 02a71835--jose-npm-ep-stats-0-0-2-package /home/jose/.npm/ep_stats/0.0.2/package
64 verbose lock /home/jose/.npm/ep_stats/0.0.2/package /home/jose/.npm/02a71835--jose-npm-ep-stats-0-0-2-package.lock
65 silly lockFile 02a71835--jose-npm-ep-stats-0-0-2-package /home/jose/.npm/ep_stats/0.0.2/package
66 silly lockFile 02a71835--jose-npm-ep-stats-0-0-2-package /home/jose/.npm/ep_stats/0.0.2/package
67 verbose tar unpack /home/jose/.npm/ep_stats/0.0.2/package.tgz
68 silly lockFile 02a71835--jose-npm-ep-stats-0-0-2-package /home/jose/.npm/ep_stats/0.0.2/package
69 verbose lock /home/jose/.npm/ep_stats/0.0.2/package /home/jose/.npm/02a71835--jose-npm-ep-stats-0-0-2-package.lock
70 silly lockFile 86c865b3-e-npm-ep-stats-0-0-2-package-tgz /home/jose/.npm/ep_stats/0.0.2/package.tgz
71 verbose lock /home/jose/.npm/ep_stats/0.0.2/package.tgz /home/jose/.npm/86c865b3-e-npm-ep-stats-0-0-2-package-tgz.lock
72 silly gunzTarPerm modes [ '755', '644' ]
73 silly gunzTarPerm extractEntry package.json
74 silly gunzTarPerm extractEntry .npmignore
75 silly gunzTarPerm extractEntry README.md
76 silly gunzTarPerm extractEntry LICENSE
77 silly gunzTarPerm extractEntry stats.js
78 silly gunzTarPerm extractEntry index.js
79 silly gunzTarPerm extractEntry express.js
80 silly gunzTarPerm extractEntry .travis.yml
81 silly gunzTarPerm extractEntry static/css/stats.css
82 silly gunzTarPerm extractEntry static/js/main.js
83 silly gunzTarPerm extractEntry static/js/stats.js
84 silly gunzTarPerm extractEntry ep.json
85 silly gunzTarPerm extractEntry templates/exportcolumn.html
86 silly gunzTarPerm extractEntry templates/scripts.html
87 silly gunzTarPerm extractEntry templates/stats.html
88 silly gunzTarPerm extractEntry templates/stats_entry.ejs
89 verbose read json /home/jose/.npm/ep_stats/0.0.2/package/package.json
90 silly lockFile 02a71835--jose-npm-ep-stats-0-0-2-package /home/jose/.npm/ep_stats/0.0.2/package
91 silly lockFile 02a71835--jose-npm-ep-stats-0-0-2-package /home/jose/.npm/ep_stats/0.0.2/package
92 silly lockFile 86c865b3-e-npm-ep-stats-0-0-2-package-tgz /home/jose/.npm/ep_stats/0.0.2/package.tgz
93 silly lockFile 86c865b3-e-npm-ep-stats-0-0-2-package-tgz /home/jose/.npm/ep_stats/0.0.2/package.tgz
94 silly shasum updated bytes 9429
95 info shasum ad73b5f4bdd8e55cd2ee71a207ae3afa06c8d979
95 info shasum /home/jose/.npm/ep_stats/0.0.2/package.tgz
96 verbose from cache /home/jose/.npm/ep_stats/0.0.2/package/package.json
97 verbose chmod /home/jose/.npm/ep_stats/0.0.2/package.tgz 644
98 verbose chown /home/jose/.npm/ep_stats/0.0.2/package.tgz [ 1000, 1000 ]
99 silly lockFile 3a52ce78- .
100 silly publish { name: 'ep_stats',
100 silly publish   description: 'See pad Stats in Etherpad',
100 silly publish   version: '0.0.2',
100 silly publish   author:
100 silly publish    { name: 'John McLear',
100 silly publish      email: 'john@mclear.co.uk',
100 silly publish      url: 'http://mclear.co.uk' },
100 silly publish   repository: { type: 'git', url: 'https://github.com/johnmclear/ep_stats' },
100 silly publish   contributors: [],
100 silly publish   readme: 'Pad Stats in Etherpad\n=====================\n\nTo enable Stats view click Settings -> Show Pad and Author Stats\n\nSetting as default\n==================\nPaste the below into your settings.\n\nep_stats_default: "true",\n\ntodo\n====\n* All the things\n\nContact me to sponsor dev.\n',
100 silly publish   readmeFilename: 'README.md',
100 silly publish   bugs: { url: 'https://github.com/johnmclear/ep_stats/issues' },
100 silly publish   _id: 'ep_stats@0.0.2',
100 silly publish   dist: { shasum: 'ad73b5f4bdd8e55cd2ee71a207ae3afa06c8d979' },
100 silly publish   _from: '.',
100 silly publish   _resolved: 'https://registry.npmjs.org/ep_stats/-/ep_stats-0.0.1.tgz' }
101 verbose url raw ep_stats
102 verbose url resolving [ 'https://registry.npmjs.org/', './ep_stats' ]
103 verbose url resolved https://registry.npmjs.org/ep_stats
104 info trying registry request attempt 1 at 19:27:35
105 http PUT https://registry.npmjs.org/ep_stats
106 http 409 https://registry.npmjs.org/ep_stats
107 verbose url raw ep_stats
108 verbose url resolving [ 'https://registry.npmjs.org/', './ep_stats' ]
109 verbose url resolved https://registry.npmjs.org/ep_stats
110 info trying registry request attempt 1 at 19:27:36
111 http GET https://registry.npmjs.org/ep_stats
112 http 200 https://registry.npmjs.org/ep_stats
113 error publish fail Cannot publish over existing version.
113 error publish fail Update the 'version' field in package.json and try again.
113 error publish fail
113 error publish fail If the previous version was published in error, see:
113 error publish fail     npm help unpublish
113 error publish fail
113 error publish fail To automatically increment version numbers, see:
113 error publish fail     npm help version
114 error System Linux 3.5.0-18-generic
115 error command "/usr/local/bin/node" "/usr/local/bin/npm" "publish"
116 error cwd /home/jose/etherpad-lite/node_modules/ep_stats
117 error node -v v0.10.4
118 error npm -v 1.2.18
119 error code EPUBLISHCONFLICT
120 verbose exit [ 1, true ]
